[myapp:2342] core @2016-08-11 09:04:23> looking for get / in ../local/lib/perl5/Dancer2/Core/App.pm l. 1310
[myapp:2342] core @2016-08-11 09:04:23> Entering hook core.app.before_request in (eval 303) l. 1
[myapp:2342] debug @2016-08-11 09:04:23> debug log in /var/www/ldap-nagios-gui/public/../lib/myapp.pm l. 21
[myapp:2342] warning @2016-08-11 09:04:23> warning log in /var/www/ldap-nagios-gui/public/../lib/myapp.pm l. 22
[myapp:2342] info @2016-08-11 09:04:23> info log in /var/www/ldap-nagios-gui/public/../lib/myapp.pm l. 23
[myapp:2342] error @2016-08-11 09:04:23> error log in /var/www/ldap-nagios-gui/public/../lib/myapp.pm l. 24
[myapp:2342] core @2016-08-11 09:04:23> Entering hook core.app.after_request in (eval 303) l. 1
[myapp:2342] core @2016-08-11 09:15:39> looking for get / in ../local/lib/perl5/Dancer2/Core/App.pm l. 1310
[myapp:2342] core @2016-08-11 09:15:39> Entering hook core.app.before_request in (eval 303) l. 1
[myapp:2342] debug @2016-08-11 09:15:39> debug log in /var/www/ldap-nagios-gui/public/../lib/myapp.pm l. 21
[myapp:2342] warning @2016-08-11 09:15:39> warning log in /var/www/ldap-nagios-gui/public/../lib/myapp.pm l. 22
[myapp:2342] info @2016-08-11 09:15:39> info log in /var/www/ldap-nagios-gui/public/../lib/myapp.pm l. 23
[myapp:2342] error @2016-08-11 09:15:39> error log in /var/www/ldap-nagios-gui/public/../lib/myapp.pm l. 24
[myapp:2342] core @2016-08-11 09:15:39> Entering hook core.app.after_request in (eval 303) l. 1
[myapp:2342] core @2016-08-11 09:15:40> looking for get /ldapnagios in ../local/lib/perl5/Dancer2/Core/App.pm l. 1310
[myapp:2342] core @2016-08-11 09:15:40> Entering hook core.app.before_request in (eval 303) l. 1
[myapp:2342] debug @2016-08-11 09:15:40> Counter: 2 in /var/www/ldap-nagios-gui/public/../lib/myapp.pm l. 33
[myapp:2342] core @2016-08-11 09:15:40> Entering hook core.app.after_request in (eval 303) l. 1
[myapp:1902] core @2016-08-11 13:03:29> looking for get / in ../local/lib/perl5/Dancer2/Core/App.pm l. 1310
[myapp:1902] core @2016-08-11 13:03:29> Entering hook core.app.before_request in (eval 303) l. 1
[myapp:1902] core @2016-08-11 13:03:29> Entering hook core.app.after_request in (eval 303) l. 1
[myapp:1902] core @2016-08-11 13:03:30> looking for get /ldapnagios in ../local/lib/perl5/Dancer2/Core/App.pm l. 1310
[myapp:1902] core @2016-08-11 13:03:30> Entering hook core.app.before_request in (eval 303) l. 1
[myapp:1902] core @2016-08-11 13:03:30> Entering hook core.app.after_request in (eval 303) l. 1
[myapp:1902] core @2016-08-11 13:03:37> looking for get /ldapnagios in ../local/lib/perl5/Dancer2/Core/App.pm l. 1310
[myapp:1902] core @2016-08-11 13:03:37> Entering hook core.app.before_request in (eval 303) l. 1
[myapp:1902] core @2016-08-11 13:03:37> Entering hook core.app.after_request in (eval 303) l. 1
[myapp:1902] core @2016-08-11 13:04:19> looking for get /ldapnagios in ../local/lib/perl5/Dancer2/Core/App.pm l. 1310
[myapp:1902] core @2016-08-11 13:04:19> Entering hook core.app.before_request in (eval 303) l. 1
[myapp:1902] core @2016-08-11 13:04:19> Entering hook core.app.after_request in (eval 303) l. 1
[myapp:1902] core @2016-08-11 13:04:22> looking for get /ldapnagios in ../local/lib/perl5/Dancer2/Core/App.pm l. 1310
[myapp:1902] core @2016-08-11 13:04:22> Entering hook core.app.before_request in (eval 303) l. 1
[myapp:1902] core @2016-08-11 13:04:22> Entering hook core.app.after_request in (eval 303) l. 1
[myapp:1902] core @2016-08-11 13:04:24> looking for get /ldapnagios in ../local/lib/perl5/Dancer2/Core/App.pm l. 1310
[myapp:1902] core @2016-08-11 13:04:24> Entering hook core.app.before_request in (eval 303) l. 1
[myapp:1902] core @2016-08-11 13:04:24> Entering hook core.app.after_request in (eval 303) l. 1
[myapp:1902] core @2016-08-11 13:04:25> looking for get /ldapnagios in ../local/lib/perl5/Dancer2/Core/App.pm l. 1310
[myapp:1902] core @2016-08-11 13:04:25> Entering hook core.app.before_request in (eval 303) l. 1
[myapp:1902] core @2016-08-11 13:04:25> Entering hook core.app.after_request in (eval 303) l. 1
[myapp:1902] core @2016-08-11 13:04:25> looking for get /ldapnagios in ../local/lib/perl5/Dancer2/Core/App.pm l. 1310
[myapp:1902] core @2016-08-11 13:04:25> Entering hook core.app.before_request in (eval 303) l. 1
[myapp:1902] core @2016-08-11 13:04:25> Entering hook core.app.after_request in (eval 303) l. 1
[myapp:1902] core @2016-08-11 13:04:29> looking for get /ldapnagios in ../local/lib/perl5/Dancer2/Core/App.pm l. 1310
[myapp:1902] core @2016-08-11 13:04:29> Entering hook core.app.before_request in (eval 303) l. 1
[myapp:1902] core @2016-08-11 13:04:29> Entering hook core.app.after_request in (eval 303) l. 1
[myapp:1902] core @2016-08-11 13:10:02> looking for get /config in ../local/lib/perl5/Dancer2/Core/App.pm l. 1310
[myapp:1902] core @2016-08-11 13:10:02> Entering hook core.app.before_request in (eval 303) l. 1
[myapp:1902] core @2016-08-11 13:10:02> Entering hook core.app.after_request in (eval 303) l. 1
[myapp:1902] core @2016-08-11 13:10:05> looking for get /ldapnagios in ../local/lib/perl5/Dancer2/Core/App.pm l. 1310
[myapp:1902] core @2016-08-11 13:10:05> Entering hook core.app.before_request in (eval 303) l. 1
[myapp:1902] core @2016-08-11 13:10:05> Entering hook core.app.after_request in (eval 303) l. 1
[myapp:1902] core @2016-08-11 13:12:44> looking for get /config in ../local/lib/perl5/Dancer2/Core/App.pm l. 1310
[myapp:1902] core @2016-08-11 13:12:44> Entering hook core.app.before_request in (eval 303) l. 1
[myapp:1902] core @2016-08-11 13:12:44> Entering hook core.app.after_request in (eval 303) l. 1
[myapp:1902] core @2016-08-11 13:12:46> looking for get /ldapnagios in ../local/lib/perl5/Dancer2/Core/App.pm l. 1310
[myapp:1902] core @2016-08-11 13:12:46> Entering hook core.app.before_request in (eval 303) l. 1
[myapp:1902] core @2016-08-11 13:12:46> Entering hook core.app.after_request in (eval 303) l. 1
[myapp:1902] core @2016-08-11 13:15:24> looking for get /ldapnagios in ../local/lib/perl5/Dancer2/Core/App.pm l. 1310
[myapp:1902] core @2016-08-11 13:15:24> Entering hook core.app.before_request in (eval 303) l. 1
[myapp:1902] core @2016-08-11 13:15:24> Entering hook core.app.after_request in (eval 303) l. 1
[myapp:1902] core @2016-08-11 13:16:40> looking for get /ldapnagios in ../local/lib/perl5/Dancer2/Core/App.pm l. 1310
[myapp:1902] core @2016-08-11 13:16:40> Entering hook core.app.before_request in (eval 303) l. 1
[myapp:1902] core @2016-08-11 13:16:40> Entering hook core.app.after_request in (eval 303) l. 1
[myapp:1902] core @2016-08-11 13:17:27> looking for get /ldapnagios in ../local/lib/perl5/Dancer2/Core/App.pm l. 1310
[myapp:1902] core @2016-08-11 13:17:27> Entering hook core.app.before_request in (eval 303) l. 1
[myapp:1902] core @2016-08-11 13:17:27> Entering hook core.app.after_request in (eval 303) l. 1
[myapp:1902] core @2016-08-11 13:18:10> looking for get /ldapnagios in ../local/lib/perl5/Dancer2/Core/App.pm l. 1310
[myapp:1902] core @2016-08-11 13:18:10> Entering hook core.app.before_request in (eval 303) l. 1
[myapp:1902] core @2016-08-11 13:18:10> Entering hook core.app.after_request in (eval 303) l. 1
[myapp:1902] core @2016-08-11 13:18:23> looking for get /ldapnagios in ../local/lib/perl5/Dancer2/Core/App.pm l. 1310
[myapp:1902] core @2016-08-11 13:18:23> Entering hook core.app.before_request in (eval 303) l. 1
[myapp:1902] core @2016-08-11 13:18:23> Entering hook core.app.after_request in (eval 303) l. 1
[myapp:1902] core @2016-08-11 13:18:29> looking for get /ldapnagios in ../local/lib/perl5/Dancer2/Core/App.pm l. 1310
[myapp:1902] core @2016-08-11 13:18:29> Entering hook core.app.before_request in (eval 303) l. 1
[myapp:1902] core @2016-08-11 13:18:29> Entering hook core.app.after_request in (eval 303) l. 1
[myapp:1902] core @2016-08-11 13:18:48> looking for get /ldapnagios in ../local/lib/perl5/Dancer2/Core/App.pm l. 1310
[myapp:1902] core @2016-08-11 13:18:48> Entering hook core.app.before_request in (eval 303) l. 1
[myapp:1902] core @2016-08-11 13:18:48> Entering hook core.app.after_request in (eval 303) l. 1
[myapp:1902] core @2016-08-11 13:18:51> looking for get /ldapnagios in ../local/lib/perl5/Dancer2/Core/App.pm l. 1310
[myapp:1902] core @2016-08-11 13:18:51> Entering hook core.app.before_request in (eval 303) l. 1
[myapp:1902] core @2016-08-11 13:18:51> Entering hook core.app.after_request in (eval 303) l. 1
[myapp:1902] core @2016-08-11 13:18:58> looking for get /ldapnagios in ../local/lib/perl5/Dancer2/Core/App.pm l. 1310
[myapp:1902] core @2016-08-11 13:18:58> Entering hook core.app.before_request in (eval 303) l. 1
[myapp:1902] core @2016-08-11 13:18:59> Entering hook core.app.after_request in (eval 303) l. 1
[myapp:1902] core @2016-08-11 13:19:36> looking for get /ldapnagios in ../local/lib/perl5/Dancer2/Core/App.pm l. 1310
[myapp:1902] core @2016-08-11 13:19:36> Entering hook core.app.before_request in (eval 303) l. 1
[myapp:1902] core @2016-08-11 13:19:36> Entering hook core.app.after_request in (eval 303) l. 1
[myapp:1902] core @2016-08-11 13:19:53> looking for get /ldapnagios in ../local/lib/perl5/Dancer2/Core/App.pm l. 1310
[myapp:1902] core @2016-08-11 13:19:53> Entering hook core.app.before_request in (eval 303) l. 1
[myapp:1902] core @2016-08-11 13:19:53> Entering hook core.app.after_request in (eval 303) l. 1
[myapp:1902] core @2016-08-11 13:20:30> looking for get /ldapnagios in ../local/lib/perl5/Dancer2/Core/App.pm l. 1310
[myapp:1902] core @2016-08-11 13:20:30> Entering hook core.app.before_request in (eval 303) l. 1
[myapp:1902] core @2016-08-11 13:20:30> Entering hook core.app.after_request in (eval 303) l. 1
[myapp:1902] core @2016-08-11 13:21:18> looking for get /config in ../local/lib/perl5/Dancer2/Core/App.pm l. 1310
[myapp:1902] core @2016-08-11 13:21:18> Entering hook core.app.before_request in (eval 303) l. 1
[myapp:1902] core @2016-08-11 13:21:18> Entering hook core.app.after_request in (eval 303) l. 1
[myapp:1902] core @2016-08-11 13:30:02> looking for get /ldapnagios in ../local/lib/perl5/Dancer2/Core/App.pm l. 1310
[myapp:1902] core @2016-08-11 13:30:02> Entering hook core.app.before_request in (eval 303) l. 1
[myapp:1902] core @2016-08-11 13:30:02> Entering hook core.app.after_request in (eval 303) l. 1
[myapp:1902] core @2016-08-11 13:30:06> looking for get /ldapnagios in ../local/lib/perl5/Dancer2/Core/App.pm l. 1310
[myapp:1902] core @2016-08-11 13:30:06> Entering hook core.app.before_request in (eval 303) l. 1
[myapp:1902] core @2016-08-11 13:30:06> Entering hook core.app.after_request in (eval 303) l. 1
[myapp:1902] core @2016-08-11 13:31:23> looking for get /ldapnagios in ../local/lib/perl5/Dancer2/Core/App.pm l. 1310
[myapp:1902] core @2016-08-11 13:31:23> Entering hook core.app.before_request in (eval 303) l. 1
[myapp:1902] core @2016-08-11 13:31:23> Entering hook core.app.after_request in (eval 303) l. 1
[myapp:1902] core @2016-08-11 13:31:58> looking for get /ldapnagios in ../local/lib/perl5/Dancer2/Core/App.pm l. 1310
[myapp:1902] core @2016-08-11 13:31:58> Entering hook core.app.before_request in (eval 303) l. 1
[myapp:1902] core @2016-08-11 13:31:58> Entering hook core.app.after_request in (eval 303) l. 1
[myapp:1902] core @2016-08-11 13:35:47> looking for get /ldapnagios in ../local/lib/perl5/Dancer2/Core/App.pm l. 1310
[myapp:1902] core @2016-08-11 13:35:47> Entering hook core.app.before_request in (eval 303) l. 1
[myapp:1902] core @2016-08-11 13:35:47> Entering hook core.app.after_request in (eval 303) l. 1
[myapp:1902] core @2016-08-11 13:36:20> looking for get /ldapnagios in ../local/lib/perl5/Dancer2/Core/App.pm l. 1310
[myapp:1902] core @2016-08-11 13:36:20> Entering hook core.app.before_request in (eval 303) l. 1
[myapp:1902] core @2016-08-11 13:36:20> Entering hook core.app.after_request in (eval 303) l. 1
[myapp:1902] core @2016-08-11 13:36:25> looking for get /add_contact in ../local/lib/perl5/Dancer2/Core/App.pm l. 1310
[myapp:1902] core @2016-08-11 13:36:25> Entering hook core.app.before_request in (eval 303) l. 1
[myapp:1902] core @2016-08-11 13:36:25> Entering hook core.app.after_request in (eval 303) l. 1
[myapp:1902] core @2016-08-11 13:36:32> looking for get /ldapnagios in ../local/lib/perl5/Dancer2/Core/App.pm l. 1310
[myapp:1902] core @2016-08-11 13:36:32> Entering hook core.app.before_request in (eval 303) l. 1
[myapp:1902] core @2016-08-11 13:36:32> Entering hook core.app.after_request in (eval 303) l. 1
[myapp:1902] core @2016-08-11 13:36:33> looking for get /add_contact in ../local/lib/perl5/Dancer2/Core/App.pm l. 1310
[myapp:1902] core @2016-08-11 13:36:33> Entering hook core.app.before_request in (eval 303) l. 1
[myapp:1902] core @2016-08-11 13:36:33> Entering hook core.app.after_request in (eval 303) l. 1
[myapp:1902] core @2016-08-11 13:36:56> looking for get /ldapnagios in ../local/lib/perl5/Dancer2/Core/App.pm l. 1310
[myapp:1902] core @2016-08-11 13:36:56> Entering hook core.app.before_request in (eval 303) l. 1
[myapp:1902] core @2016-08-11 13:36:56> Entering hook core.app.after_request in (eval 303) l. 1
[myapp:1902] core @2016-08-11 13:38:02> looking for get /ldapnagios in ../local/lib/perl5/Dancer2/Core/App.pm l. 1310
[myapp:1902] core @2016-08-11 13:38:02> Entering hook core.app.before_request in (eval 303) l. 1
[myapp:1902] core @2016-08-11 13:38:02> Entering hook core.app.after_request in (eval 303) l. 1
[myapp:1902] core @2016-08-11 13:48:10> looking for get /ldapnagios in ../local/lib/perl5/Dancer2/Core/App.pm l. 1310
[myapp:1902] core @2016-08-11 13:48:10> Entering hook core.app.before_request in (eval 303) l. 1
[myapp:1902] core @2016-08-11 13:48:10> Entering hook core.app.after_request in (eval 303) l. 1
[myapp:1902] core @2016-08-11 13:48:12> looking for get /ldapnagios in ../local/lib/perl5/Dancer2/Core/App.pm l. 1310
[myapp:1902] core @2016-08-11 13:48:12> Entering hook core.app.before_request in (eval 303) l. 1
[myapp:1902] core @2016-08-11 13:48:12> Entering hook core.app.after_request in (eval 303) l. 1
[myapp:1902] core @2016-08-11 13:48:13> looking for get /ldapnagios in ../local/lib/perl5/Dancer2/Core/App.pm l. 1310
[myapp:1902] core @2016-08-11 13:48:13> Entering hook core.app.before_request in (eval 303) l. 1
[myapp:1902] core @2016-08-11 13:48:13> Entering hook core.app.after_request in (eval 303) l. 1
[myapp:1902] core @2016-08-11 13:48:14> looking for get /ldapnagios in ../local/lib/perl5/Dancer2/Core/App.pm l. 1310
[myapp:1902] core @2016-08-11 13:48:14> Entering hook core.app.before_request in (eval 303) l. 1
[myapp:1902] core @2016-08-11 13:48:14> Entering hook core.app.after_request in (eval 303) l. 1
[myapp:1902] core @2016-08-11 13:48:15> looking for get /ldapnagios in ../local/lib/perl5/Dancer2/Core/App.pm l. 1310
[myapp:1902] core @2016-08-11 13:48:15> Entering hook core.app.before_request in (eval 303) l. 1
[myapp:1902] core @2016-08-11 13:48:15> Entering hook core.app.after_request in (eval 303) l. 1
[myapp:1902] core @2016-08-11 14:04:41> looking for get /ldapnagios in ../local/lib/perl5/Dancer2/Core/App.pm l. 1310
[myapp:1902] core @2016-08-11 14:04:41> Entering hook core.app.before_request in (eval 303) l. 1
[myapp:1902] core @2016-08-11 14:04:41> Entering hook core.app.after_request in (eval 303) l. 1
[myapp:1902] core @2016-08-11 14:04:43> looking for get /ldapnagios in ../local/lib/perl5/Dancer2/Core/App.pm l. 1310
[myapp:1902] core @2016-08-11 14:04:43> Entering hook core.app.before_request in (eval 303) l. 1
[myapp:1902] core @2016-08-11 14:04:43> Entering hook core.app.after_request in (eval 303) l. 1
[myapp:1902] core @2016-08-11 14:04:44> looking for get /ldapnagios in ../local/lib/perl5/Dancer2/Core/App.pm l. 1310
[myapp:1902] core @2016-08-11 14:04:44> Entering hook core.app.before_request in (eval 303) l. 1
[myapp:1902] core @2016-08-11 14:04:44> Entering hook core.app.after_request in (eval 303) l. 1
[myapp:2134] core @2016-08-11 14:07:17> looking for get / in ../local/lib/perl5/Dancer2/Core/App.pm l. 1310
[myapp:2134] core @2016-08-11 14:07:17> Entering hook core.app.before_request in (eval 303) l. 1
[myapp:2134] core @2016-08-11 14:07:17> Entering hook core.app.after_request in (eval 303) l. 1
[myapp:2134] core @2016-08-11 14:07:19> looking for get /ldapnagios in ../local/lib/perl5/Dancer2/Core/App.pm l. 1310
[myapp:2134] core @2016-08-11 14:07:19> Entering hook core.app.before_request in (eval 303) l. 1
[myapp:2134] core @2016-08-11 14:07:19> Entering hook core.app.after_request in (eval 303) l. 1
[myapp:2134] core @2016-08-11 14:07:20> looking for get /ldapnagios in ../local/lib/perl5/Dancer2/Core/App.pm l. 1310
[myapp:2134] core @2016-08-11 14:07:20> Entering hook core.app.before_request in (eval 303) l. 1
[myapp:2134] core @2016-08-11 14:07:20> Entering hook core.app.after_request in (eval 303) l. 1
[myapp:2134] core @2016-08-11 14:07:22> looking for get /ldapnagios in ../local/lib/perl5/Dancer2/Core/App.pm l. 1310
[myapp:2134] core @2016-08-11 14:07:22> Entering hook core.app.before_request in (eval 303) l. 1
[myapp:2134] core @2016-08-11 14:07:22> Entering hook core.app.after_request in (eval 303) l. 1
[myapp:2134] core @2016-08-11 14:07:26> looking for get /ldapnagios in ../local/lib/perl5/Dancer2/Core/App.pm l. 1310
[myapp:2134] core @2016-08-11 14:07:26> Entering hook core.app.before_request in (eval 303) l. 1
[myapp:2134] core @2016-08-11 14:07:26> Entering hook core.app.after_request in (eval 303) l. 1
[myapp:2134] core @2016-08-11 14:07:28> looking for get /ldapnagios in ../local/lib/perl5/Dancer2/Core/App.pm l. 1310
[myapp:2134] core @2016-08-11 14:07:28> Entering hook core.app.before_request in (eval 303) l. 1
[myapp:2134] core @2016-08-11 14:07:28> Entering hook core.app.after_request in (eval 303) l. 1
[myapp:2134] core @2016-08-11 14:07:30> looking for get /ldapnagios in ../local/lib/perl5/Dancer2/Core/App.pm l. 1310
[myapp:2134] core @2016-08-11 14:07:30> Entering hook core.app.before_request in (eval 303) l. 1
[myapp:2134] core @2016-08-11 14:07:30> Entering hook core.app.after_request in (eval 303) l. 1
[myapp:2134] core @2016-08-11 14:07:34> looking for get /ldapnagios in ../local/lib/perl5/Dancer2/Core/App.pm l. 1310
[myapp:2134] core @2016-08-11 14:07:34> Entering hook core.app.before_request in (eval 303) l. 1
[myapp:2134] core @2016-08-11 14:07:34> Entering hook core.app.after_request in (eval 303) l. 1
[myapp:2134] core @2016-08-11 14:08:17> looking for get /ldapnagios in ../local/lib/perl5/Dancer2/Core/App.pm l. 1310
[myapp:2134] core @2016-08-11 14:08:17> Entering hook core.app.before_request in (eval 303) l. 1
[myapp:2134] core @2016-08-11 14:08:17> Entering hook core.app.after_request in (eval 303) l. 1
[myapp:2134] core @2016-08-11 14:08:18> looking for get /ldapnagios in ../local/lib/perl5/Dancer2/Core/App.pm l. 1310
[myapp:2134] core @2016-08-11 14:08:18> Entering hook core.app.before_request in (eval 303) l. 1
[myapp:2134] core @2016-08-11 14:08:18> Entering hook core.app.after_request in (eval 303) l. 1
[myapp:2134] core @2016-08-11 14:08:19> looking for get /ldapnagios in ../local/lib/perl5/Dancer2/Core/App.pm l. 1310
[myapp:2134] core @2016-08-11 14:08:19> Entering hook core.app.before_request in (eval 303) l. 1
[myapp:2134] core @2016-08-11 14:08:19> Entering hook core.app.after_request in (eval 303) l. 1
[myapp:2134] core @2016-08-11 14:08:29> looking for get /ldapnagios in ../local/lib/perl5/Dancer2/Core/App.pm l. 1310
[myapp:2134] core @2016-08-11 14:08:29> Entering hook core.app.before_request in (eval 303) l. 1
[myapp:2134] core @2016-08-11 14:08:29> Entering hook core.app.after_request in (eval 303) l. 1
[myapp:2134] core @2016-08-11 14:08:30> looking for get /ldapnagios in ../local/lib/perl5/Dancer2/Core/App.pm l. 1310
[myapp:2134] core @2016-08-11 14:08:30> Entering hook core.app.before_request in (eval 303) l. 1
[myapp:2134] core @2016-08-11 14:08:30> Entering hook core.app.after_request in (eval 303) l. 1
[myapp:2134] core @2016-08-11 14:08:34> looking for get /ldapnagios in ../local/lib/perl5/Dancer2/Core/App.pm l. 1310
[myapp:2134] core @2016-08-11 14:08:34> Entering hook core.app.before_request in (eval 303) l. 1
[myapp:2134] core @2016-08-11 14:08:34> Entering hook core.app.after_request in (eval 303) l. 1
[myapp:2134] core @2016-08-11 14:09:18> looking for get /ldapnagios in ../local/lib/perl5/Dancer2/Core/App.pm l. 1310
[myapp:2134] core @2016-08-11 14:09:18> Entering hook core.app.before_request in (eval 303) l. 1
[myapp:2134] core @2016-08-11 14:09:18> Entering hook core.app.after_request in (eval 303) l. 1
[myapp:2134] core @2016-08-11 14:09:19> looking for get /ldapnagios in ../local/lib/perl5/Dancer2/Core/App.pm l. 1310
[myapp:2134] core @2016-08-11 14:09:19> Entering hook core.app.before_request in (eval 303) l. 1
[myapp:2134] core @2016-08-11 14:09:19> Entering hook core.app.after_request in (eval 303) l. 1
[myapp:2134] core @2016-08-11 14:09:30> looking for get /ldapnagios in ../local/lib/perl5/Dancer2/Core/App.pm l. 1310
[myapp:2134] core @2016-08-11 14:09:30> Entering hook core.app.before_request in (eval 303) l. 1
[myapp:2134] core @2016-08-11 14:09:30> Entering hook core.app.after_request in (eval 303) l. 1
[myapp:2134] core @2016-08-11 14:09:31> looking for get /ldapnagios in ../local/lib/perl5/Dancer2/Core/App.pm l. 1310
[myapp:2134] core @2016-08-11 14:09:31> Entering hook core.app.before_request in (eval 303) l. 1
[myapp:2134] core @2016-08-11 14:09:31> Entering hook core.app.after_request in (eval 303) l. 1
[myapp:2134] core @2016-08-11 14:09:33> looking for get /ldapnagios in ../local/lib/perl5/Dancer2/Core/App.pm l. 1310
[myapp:2134] core @2016-08-11 14:09:33> Entering hook core.app.before_request in (eval 303) l. 1
[myapp:2134] core @2016-08-11 14:09:33> Entering hook core.app.after_request in (eval 303) l. 1
[myapp:2134] core @2016-08-11 14:10:21> looking for get /ldapnagios in ../local/lib/perl5/Dancer2/Core/App.pm l. 1310
[myapp:2134] core @2016-08-11 14:10:21> Entering hook core.app.before_request in (eval 303) l. 1
[myapp:2134] core @2016-08-11 14:10:21> Entering hook core.app.after_request in (eval 303) l. 1
[myapp:2134] core @2016-08-11 14:10:23> looking for get /ldapnagios in ../local/lib/perl5/Dancer2/Core/App.pm l. 1310
[myapp:2134] core @2016-08-11 14:10:23> Entering hook core.app.before_request in (eval 303) l. 1
[myapp:2134] core @2016-08-11 14:10:23> Entering hook core.app.after_request in (eval 303) l. 1
[myapp:2134] core @2016-08-11 14:10:32> looking for get /ldapnagios in ../local/lib/perl5/Dancer2/Core/App.pm l. 1310
[myapp:2134] core @2016-08-11 14:10:32> Entering hook core.app.before_request in (eval 303) l. 1
[myapp:2134] core @2016-08-11 14:10:32> Entering hook core.app.after_request in (eval 303) l. 1
[myapp:2134] core @2016-08-11 14:11:34> looking for get /ldapnagios in ../local/lib/perl5/Dancer2/Core/App.pm l. 1310
[myapp:2134] core @2016-08-11 14:11:34> Entering hook core.app.before_request in (eval 303) l. 1
[myapp:2134] core @2016-08-11 14:11:34> Entering hook core.app.after_request in (eval 303) l. 1
[myapp:2134] core @2016-08-11 14:11:35> looking for get /ldapnagios in ../local/lib/perl5/Dancer2/Core/App.pm l. 1310
[myapp:2134] core @2016-08-11 14:11:35> Entering hook core.app.before_request in (eval 303) l. 1
[myapp:2134] core @2016-08-11 14:11:35> Entering hook core.app.after_request in (eval 303) l. 1
[myapp:2134] core @2016-08-11 14:11:38> looking for get /ldapnagios in ../local/lib/perl5/Dancer2/Core/App.pm l. 1310
[myapp:2134] core @2016-08-11 14:11:38> Entering hook core.app.before_request in (eval 303) l. 1
[myapp:2134] core @2016-08-11 14:11:38> Entering hook core.app.after_request in (eval 303) l. 1
[myapp:2134] core @2016-08-11 14:11:41> looking for get /ldapnagios in ../local/lib/perl5/Dancer2/Core/App.pm l. 1310
[myapp:2134] core @2016-08-11 14:11:41> Entering hook core.app.before_request in (eval 303) l. 1
[myapp:2134] core @2016-08-11 14:11:41> Entering hook core.app.after_request in (eval 303) l. 1
[myapp:2134] core @2016-08-11 14:11:42> looking for get /ldapnagios in ../local/lib/perl5/Dancer2/Core/App.pm l. 1310
[myapp:2134] core @2016-08-11 14:11:42> Entering hook core.app.before_request in (eval 303) l. 1
[myapp:2134] core @2016-08-11 14:11:42> Entering hook core.app.after_request in (eval 303) l. 1
[myapp:2134] core @2016-08-11 14:11:48> looking for get /ldapnagios in ../local/lib/perl5/Dancer2/Core/App.pm l. 1310
[myapp:2134] core @2016-08-11 14:11:48> Entering hook core.app.before_request in (eval 303) l. 1
[myapp:2134] core @2016-08-11 14:11:48> Entering hook core.app.after_request in (eval 303) l. 1
[myapp:2134] core @2016-08-11 14:11:51> looking for get /ldapnagios in ../local/lib/perl5/Dancer2/Core/App.pm l. 1310
[myapp:2134] core @2016-08-11 14:11:51> Entering hook core.app.before_request in (eval 303) l. 1
[myapp:2134] core @2016-08-11 14:11:51> Entering hook core.app.after_request in (eval 303) l. 1
[myapp:2134] core @2016-08-11 14:11:53> looking for get /ldapnagios in ../local/lib/perl5/Dancer2/Core/App.pm l. 1310
[myapp:2134] core @2016-08-11 14:11:53> Entering hook core.app.before_request in (eval 303) l. 1
[myapp:2134] core @2016-08-11 14:11:53> Entering hook core.app.after_request in (eval 303) l. 1
[myapp:2134] core @2016-08-11 14:11:56> looking for get /ldapnagios in ../local/lib/perl5/Dancer2/Core/App.pm l. 1310
[myapp:2134] core @2016-08-11 14:11:56> Entering hook core.app.before_request in (eval 303) l. 1
[myapp:2134] core @2016-08-11 14:11:57> Entering hook core.app.after_request in (eval 303) l. 1
[myapp:2134] core @2016-08-11 14:13:09> looking for get /add_contact in ../local/lib/perl5/Dancer2/Core/App.pm l. 1310
[myapp:2134] core @2016-08-11 14:13:09> Entering hook core.app.before_request in (eval 303) l. 1
[myapp:2134] core @2016-08-11 14:13:09> Entering hook core.app.after_request in (eval 303) l. 1
[myapp:2134] core @2016-08-11 14:13:33> looking for get /ldapnagios in ../local/lib/perl5/Dancer2/Core/App.pm l. 1310
[myapp:2134] core @2016-08-11 14:13:33> Entering hook core.app.before_request in (eval 303) l. 1
[myapp:2134] core @2016-08-11 14:13:33> Entering hook core.app.after_request in (eval 303) l. 1
[myapp:2134] core @2016-08-11 14:13:34> looking for get /ldapnagios in ../local/lib/perl5/Dancer2/Core/App.pm l. 1310
[myapp:2134] core @2016-08-11 14:13:34> Entering hook core.app.before_request in (eval 303) l. 1
[myapp:2134] core @2016-08-11 14:13:34> Entering hook core.app.after_request in (eval 303) l. 1
[myapp:2134] core @2016-08-11 14:13:36> looking for get /ldapnagios in ../local/lib/perl5/Dancer2/Core/App.pm l. 1310
[myapp:2134] core @2016-08-11 14:13:36> Entering hook core.app.before_request in (eval 303) l. 1
[myapp:2134] core @2016-08-11 14:13:36> Entering hook core.app.after_request in (eval 303) l. 1
[myapp:2134] core @2016-08-11 14:13:42> looking for get /ldapnagios in ../local/lib/perl5/Dancer2/Core/App.pm l. 1310
[myapp:2134] core @2016-08-11 14:13:42> Entering hook core.app.before_request in (eval 303) l. 1
[myapp:2134] core @2016-08-11 14:13:42> Entering hook core.app.after_request in (eval 303) l. 1
[myapp:2134] core @2016-08-11 14:13:44> looking for get /add_contact in ../local/lib/perl5/Dancer2/Core/App.pm l. 1310
[myapp:2134] core @2016-08-11 14:13:44> Entering hook core.app.before_request in (eval 303) l. 1
[myapp:2134] core @2016-08-11 14:13:44> Entering hook core.app.after_request in (eval 303) l. 1
[myapp:2134] core @2016-08-11 14:17:58> looking for get /modal_successful in ../local/lib/perl5/Dancer2/Core/App.pm l. 1310
[myapp:2134] core @2016-08-11 14:17:58> Entering hook core.error.init in (eval 303) l. 1
[myapp:2134] core @2016-08-11 14:17:58> Entering hook core.error.before in (eval 303) l. 1
[myapp:2134] core @2016-08-11 14:17:58> Entering hook core.error.after in (eval 303) l. 1
[myapp:2187] core @2016-08-11 14:18:10> looking for get /modal_successful in ../local/lib/perl5/Dancer2/Core/App.pm l. 1310
[myapp:2187] core @2016-08-11 14:18:10> Entering hook core.error.init in (eval 303) l. 1
[myapp:2187] core @2016-08-11 14:18:10> Entering hook core.error.before in (eval 303) l. 1
[myapp:2187] core @2016-08-11 14:18:10> Entering hook core.error.after in (eval 303) l. 1
[myapp:2187] core @2016-08-11 14:18:12> looking for get /modal_successful in ../local/lib/perl5/Dancer2/Core/App.pm l. 1310
[myapp:2187] core @2016-08-11 14:18:12> Entering hook core.error.init in (eval 303) l. 1
[myapp:2187] core @2016-08-11 14:18:12> Entering hook core.error.before in (eval 303) l. 1
[myapp:2187] core @2016-08-11 14:18:12> Entering hook core.error.after in (eval 303) l. 1
[myapp:2187] core @2016-08-11 14:18:24> looking for get /modal_success in ../local/lib/perl5/Dancer2/Core/App.pm l. 1310
[myapp:2187] core @2016-08-11 14:18:24> Entering hook core.app.before_request in (eval 303) l. 1
[myapp:2187] core @2016-08-11 14:18:24> Entering hook core.app.after_request in (eval 303) l. 1
[myapp:2187] core @2016-08-11 14:18:27> looking for get /modal_success in ../local/lib/perl5/Dancer2/Core/App.pm l. 1310
[myapp:2187] core @2016-08-11 14:18:27> Entering hook core.app.before_request in (eval 303) l. 1
[myapp:2187] core @2016-08-11 14:18:27> Entering hook core.app.after_request in (eval 303) l. 1
[myapp:2187] core @2016-08-11 14:19:59> looking for get /modal_success in ../local/lib/perl5/Dancer2/Core/App.pm l. 1310
[myapp:2187] core @2016-08-11 14:19:59> Entering hook core.app.before_request in (eval 303) l. 1
[myapp:2187] core @2016-08-11 14:19:59> Entering hook core.app.after_request in (eval 303) l. 1
[myapp:2187] core @2016-08-11 14:20:01> looking for get /ldapnagios in ../local/lib/perl5/Dancer2/Core/App.pm l. 1310
[myapp:2187] core @2016-08-11 14:20:01> Entering hook core.app.before_request in (eval 303) l. 1
[myapp:2187] core @2016-08-11 14:20:01> Entering hook core.app.after_request in (eval 303) l. 1
[myapp:2187] core @2016-08-11 14:20:03> looking for get /ldapnagios in ../local/lib/perl5/Dancer2/Core/App.pm l. 1310
[myapp:2187] core @2016-08-11 14:20:03> Entering hook core.app.before_request in (eval 303) l. 1
[myapp:2187] core @2016-08-11 14:20:03> Entering hook core.app.after_request in (eval 303) l. 1
[myapp:2187] core @2016-08-11 14:20:07> looking for get /ldapnagios in ../local/lib/perl5/Dancer2/Core/App.pm l. 1310
[myapp:2187] core @2016-08-11 14:20:07> Entering hook core.app.before_request in (eval 303) l. 1
[myapp:2187] core @2016-08-11 14:20:07> Entering hook core.app.after_request in (eval 303) l. 1
[myapp:2187] core @2016-08-11 14:20:16> looking for get /add_contact in ../local/lib/perl5/Dancer2/Core/App.pm l. 1310
[myapp:2187] core @2016-08-11 14:20:16> Entering hook core.app.before_request in (eval 303) l. 1
[myapp:2187] core @2016-08-11 14:20:16> Entering hook core.app.after_request in (eval 303) l. 1
[myapp:2187] core @2016-08-11 14:20:22> looking for get /add_contact in ../local/lib/perl5/Dancer2/Core/App.pm l. 1310
[myapp:2187] core @2016-08-11 14:20:22> Entering hook core.app.before_request in (eval 303) l. 1
[myapp:2187] core @2016-08-11 14:20:22> Entering hook core.app.after_request in (eval 303) l. 1
[myapp:2187] core @2016-08-11 14:20:43> looking for get /add_contact in ../local/lib/perl5/Dancer2/Core/App.pm l. 1310
[myapp:2187] core @2016-08-11 14:20:43> Entering hook core.app.before_request in (eval 303) l. 1
[myapp:2187] core @2016-08-11 14:20:43> Entering hook core.app.after_request in (eval 303) l. 1
[myapp:2187] core @2016-08-11 14:29:41> looking for get /add_contact in ../local/lib/perl5/Dancer2/Core/App.pm l. 1310
[myapp:2187] core @2016-08-11 14:29:41> Entering hook core.app.before_request in (eval 303) l. 1
[myapp:2187] core @2016-08-11 14:29:41> Entering hook core.app.after_request in (eval 303) l. 1
[myapp:2256] core @2016-08-11 14:29:57> looking for get /add_contact in ../local/lib/perl5/Dancer2/Core/App.pm l. 1310
[myapp:2256] core @2016-08-11 14:29:57> Entering hook core.app.before_request in (eval 303) l. 1
[myapp:2256] core @2016-08-11 14:29:57> Entering hook core.app.after_request in (eval 303) l. 1
[myapp:2282] core @2016-08-11 14:31:00> looking for get /ldapnagios in ../local/lib/perl5/Dancer2/Core/App.pm l. 1310
[myapp:2282] core @2016-08-11 14:31:00> Entering hook core.app.before_request in (eval 303) l. 1
[myapp:2282] core @2016-08-11 14:31:00> Entering hook core.app.after_request in (eval 303) l. 1
[myapp:2282] core @2016-08-11 14:31:05> looking for get /ldapnagios in ../local/lib/perl5/Dancer2/Core/App.pm l. 1310
[myapp:2282] core @2016-08-11 14:31:05> Entering hook core.app.before_request in (eval 303) l. 1
[myapp:2282] core @2016-08-11 14:31:05> Entering hook core.app.after_request in (eval 303) l. 1
[myapp:2282] core @2016-08-11 14:31:06> looking for get /add_contact in ../local/lib/perl5/Dancer2/Core/App.pm l. 1310
[myapp:2282] core @2016-08-11 14:31:06> Entering hook core.app.before_request in (eval 303) l. 1
[myapp:2282] core @2016-08-11 14:31:06> Entering hook core.app.after_request in (eval 303) l. 1
[myapp:2329] core @2016-08-11 14:32:26> looking for get /add_contact in ../local/lib/perl5/Dancer2/Core/App.pm l. 1310
[myapp:2329] core @2016-08-11 14:32:26> Entering hook core.app.before_request in (eval 303) l. 1
[myapp:2329] core @2016-08-11 14:32:26> Entering hook core.app.after_request in (eval 303) l. 1
[myapp:2329] core @2016-08-11 14:32:32> looking for get /ldapnagios in ../local/lib/perl5/Dancer2/Core/App.pm l. 1310
[myapp:2329] core @2016-08-11 14:32:32> Entering hook core.app.before_request in (eval 303) l. 1
[myapp:2329] core @2016-08-11 14:32:32> Entering hook core.app.after_request in (eval 303) l. 1
[myapp:2329] core @2016-08-11 14:32:36> looking for get /ldapnagios in ../local/lib/perl5/Dancer2/Core/App.pm l. 1310
[myapp:2329] core @2016-08-11 14:32:36> Entering hook core.app.before_request in (eval 303) l. 1
[myapp:2329] core @2016-08-11 14:32:36> Entering hook core.app.after_request in (eval 303) l. 1
[myapp:2329] core @2016-08-11 14:32:37> looking for get /add_contact in ../local/lib/perl5/Dancer2/Core/App.pm l. 1310
[myapp:2329] core @2016-08-11 14:32:37> Entering hook core.app.before_request in (eval 303) l. 1
[myapp:2329] core @2016-08-11 14:32:37> Entering hook core.app.after_request in (eval 303) l. 1
[myapp:2329] core @2016-08-11 14:32:44> looking for get /add_contact in ../local/lib/perl5/Dancer2/Core/App.pm l. 1310
[myapp:2329] core @2016-08-11 14:32:44> Entering hook core.app.before_request in (eval 303) l. 1
[myapp:2329] core @2016-08-11 14:32:44> Entering hook core.app.after_request in (eval 303) l. 1
[myapp:2329] core @2016-08-11 14:34:16> looking for get /add_contact in ../local/lib/perl5/Dancer2/Core/App.pm l. 1310
[myapp:2329] core @2016-08-11 14:34:16> Entering hook core.app.before_request in (eval 303) l. 1
[myapp:2329] core @2016-08-11 14:34:16> Entering hook core.app.after_request in (eval 303) l. 1
[myapp:2356] core @2016-08-11 14:34:27> looking for get /ldapnagios in ../local/lib/perl5/Dancer2/Core/App.pm l. 1310
[myapp:2356] core @2016-08-11 14:34:27> Entering hook core.app.before_request in (eval 303) l. 1
[myapp:2356] core @2016-08-11 14:34:27> Entering hook core.app.after_request in (eval 303) l. 1
[myapp:2356] core @2016-08-11 14:34:31> looking for get /ldapnagios in ../local/lib/perl5/Dancer2/Core/App.pm l. 1310
[myapp:2356] core @2016-08-11 14:34:31> Entering hook core.app.before_request in (eval 303) l. 1
[myapp:2356] core @2016-08-11 14:34:31> Entering hook core.app.after_request in (eval 303) l. 1
[myapp:2356] core @2016-08-11 14:34:32> looking for get /add_contact in ../local/lib/perl5/Dancer2/Core/App.pm l. 1310
[myapp:2356] core @2016-08-11 14:34:32> Entering hook core.app.before_request in (eval 303) l. 1
[myapp:2356] core @2016-08-11 14:34:32> Entering hook core.app.after_request in (eval 303) l. 1
[myapp:2356] core @2016-08-11 14:34:35> looking for get /add_contact in ../local/lib/perl5/Dancer2/Core/App.pm l. 1310
[myapp:2356] core @2016-08-11 14:34:35> Entering hook core.app.before_request in (eval 303) l. 1
[myapp:2356] core @2016-08-11 14:34:35> Entering hook core.app.after_request in (eval 303) l. 1
[myapp:2383] core @2016-08-11 14:35:07> looking for get /add_contact in ../local/lib/perl5/Dancer2/Core/App.pm l. 1310
[myapp:2383] core @2016-08-11 14:35:07> Entering hook core.app.before_request in (eval 303) l. 1
[myapp:2383] core @2016-08-11 14:35:07> Entering hook core.app.after_request in (eval 303) l. 1
[myapp:2383] core @2016-08-11 14:35:12> looking for get /ldapnagios in ../local/lib/perl5/Dancer2/Core/App.pm l. 1310
[myapp:2383] core @2016-08-11 14:35:12> Entering hook core.app.before_request in (eval 303) l. 1
[myapp:2383] core @2016-08-11 14:35:12> Entering hook core.app.after_request in (eval 303) l. 1
[myapp:2383] core @2016-08-11 14:35:19> looking for get /ldapnagios in ../local/lib/perl5/Dancer2/Core/App.pm l. 1310
[myapp:2383] core @2016-08-11 14:35:19> Entering hook core.app.before_request in (eval 303) l. 1
[myapp:2383] core @2016-08-11 14:35:19> Entering hook core.app.after_request in (eval 303) l. 1
[myapp:2383] core @2016-08-11 14:35:20> looking for get /add_contact in ../local/lib/perl5/Dancer2/Core/App.pm l. 1310
[myapp:2383] core @2016-08-11 14:35:20> Entering hook core.app.before_request in (eval 303) l. 1
[myapp:2383] core @2016-08-11 14:35:20> Entering hook core.app.after_request in (eval 303) l. 1
[myapp:2410] core @2016-08-11 14:39:17> looking for get /ldapnagios in ../local/lib/perl5/Dancer2/Core/App.pm l. 1310
[myapp:2410] core @2016-08-11 14:39:17> Entering hook core.app.before_request in (eval 303) l. 1
[myapp:2410] core @2016-08-11 14:39:17> Entering hook core.app.after_request in (eval 303) l. 1
[myapp:2410] core @2016-08-11 14:39:20> looking for get /ldapnagios in ../local/lib/perl5/Dancer2/Core/App.pm l. 1310
[myapp:2410] core @2016-08-11 14:39:20> Entering hook core.app.before_request in (eval 303) l. 1
[myapp:2410] core @2016-08-11 14:39:20> Entering hook core.app.after_request in (eval 303) l. 1
[myapp:2410] core @2016-08-11 14:39:21> looking for get /add_contact in ../local/lib/perl5/Dancer2/Core/App.pm l. 1310
[myapp:2410] core @2016-08-11 14:39:21> Entering hook core.app.before_request in (eval 303) l. 1
[myapp:2410] core @2016-08-11 14:39:21> Entering hook core.app.after_request in (eval 303) l. 1
[myapp:2437] core @2016-08-11 14:40:42> looking for get /ldapnagios in ../local/lib/perl5/Dancer2/Core/App.pm l. 1310
[myapp:2437] core @2016-08-11 14:40:42> Entering hook core.app.before_request in (eval 303) l. 1
[myapp:2437] core @2016-08-11 14:40:42> Entering hook core.app.after_request in (eval 303) l. 1
[myapp:2437] core @2016-08-11 14:40:45> looking for get /ldapnagios in ../local/lib/perl5/Dancer2/Core/App.pm l. 1310
[myapp:2437] core @2016-08-11 14:40:45> Entering hook core.app.before_request in (eval 303) l. 1
[myapp:2437] core @2016-08-11 14:40:45> Entering hook core.app.after_request in (eval 303) l. 1
[myapp:2437] core @2016-08-11 14:40:47> looking for get /add_contact in ../local/lib/perl5/Dancer2/Core/App.pm l. 1310
[myapp:2437] core @2016-08-11 14:40:47> Entering hook core.app.before_request in (eval 303) l. 1
[myapp:2437] core @2016-08-11 14:40:47> Entering hook core.app.after_request in (eval 303) l. 1
[myapp:2437] core @2016-08-11 14:41:53> looking for get /add_contact in ../local/lib/perl5/Dancer2/Core/App.pm l. 1310
[myapp:2437] core @2016-08-11 14:41:53> Entering hook core.app.before_request in (eval 303) l. 1
[myapp:2437] core @2016-08-11 14:41:53> Entering hook core.app.after_request in (eval 303) l. 1
[myapp:2437] core @2016-08-11 14:43:07> looking for get /add_contact in ../local/lib/perl5/Dancer2/Core/App.pm l. 1310
[myapp:2437] core @2016-08-11 14:43:07> Entering hook core.app.before_request in (eval 303) l. 1
[myapp:2437] core @2016-08-11 14:43:08> Entering hook core.app.after_request in (eval 303) l. 1
[myapp:2437] core @2016-08-11 14:43:26> looking for get /add_contact in ../local/lib/perl5/Dancer2/Core/App.pm l. 1310
[myapp:2437] core @2016-08-11 14:43:26> Entering hook core.app.before_request in (eval 303) l. 1
[myapp:2437] core @2016-08-11 14:43:26> Entering hook core.app.after_request in (eval 303) l. 1
[myapp:2484] core @2016-08-11 14:45:14> looking for get /add_contact in ../local/lib/perl5/Dancer2/Core/App.pm l. 1310
[myapp:2484] core @2016-08-11 14:45:14> Entering hook core.app.before_request in (eval 303) l. 1
[myapp:2484] core @2016-08-11 14:45:14> Entering hook core.app.after_request in (eval 303) l. 1
[myapp:2484] core @2016-08-11 14:46:10> looking for get /ldapnagios in ../local/lib/perl5/Dancer2/Core/App.pm l. 1310
[myapp:2484] core @2016-08-11 14:46:10> Entering hook core.app.before_request in (eval 303) l. 1
[myapp:2484] core @2016-08-11 14:46:10> Entering hook core.app.after_request in (eval 303) l. 1
[myapp:2484] core @2016-08-11 14:46:11> looking for get /add_contact in ../local/lib/perl5/Dancer2/Core/App.pm l. 1310
[myapp:2484] core @2016-08-11 14:46:11> Entering hook core.app.before_request in (eval 303) l. 1
[myapp:2484] core @2016-08-11 14:46:11> Entering hook core.app.after_request in (eval 303) l. 1
[myapp:2511] core @2016-08-11 14:46:18> looking for get /add_contact in ../local/lib/perl5/Dancer2/Core/App.pm l. 1310
[myapp:2511] core @2016-08-11 14:46:18> Entering hook core.app.before_request in (eval 303) l. 1
[myapp:2511] core @2016-08-11 14:46:18> Entering hook core.app.after_request in (eval 303) l. 1
[myapp:2511] core @2016-08-11 14:47:43> looking for get /ldapnagios in ../local/lib/perl5/Dancer2/Core/App.pm l. 1310
[myapp:2511] core @2016-08-11 14:47:43> Entering hook core.app.before_request in (eval 303) l. 1
[myapp:2511] core @2016-08-11 14:47:43> Entering hook core.app.after_request in (eval 303) l. 1
[myapp:2511] core @2016-08-11 14:47:44> looking for get /add_contact in ../local/lib/perl5/Dancer2/Core/App.pm l. 1310
[myapp:2511] core @2016-08-11 14:47:44> Entering hook core.app.before_request in (eval 303) l. 1
[myapp:2511] core @2016-08-11 14:47:44> Entering hook core.app.after_request in (eval 303) l. 1
[myapp:2511] core @2016-08-11 14:47:48> looking for get /config in ../local/lib/perl5/Dancer2/Core/App.pm l. 1310
[myapp:2511] core @2016-08-11 14:47:48> Entering hook core.app.before_request in (eval 303) l. 1
[myapp:2511] core @2016-08-11 14:47:48> Entering hook core.app.after_request in (eval 303) l. 1
[myapp:2511] core @2016-08-11 14:47:49> looking for get /ldapnagios in ../local/lib/perl5/Dancer2/Core/App.pm l. 1310
[myapp:2511] core @2016-08-11 14:47:49> Entering hook core.app.before_request in (eval 303) l. 1
[myapp:2511] core @2016-08-11 14:47:49> Entering hook core.app.after_request in (eval 303) l. 1
[myapp:2511] core @2016-08-11 14:47:53> looking for get /ldapnagios in ../local/lib/perl5/Dancer2/Core/App.pm l. 1310
[myapp:2511] core @2016-08-11 14:47:53> Entering hook core.app.before_request in (eval 303) l. 1
[myapp:2511] core @2016-08-11 14:47:53> Entering hook core.app.after_request in (eval 303) l. 1
[myapp:2511] core @2016-08-11 14:48:05> looking for get /ldapnagios in ../local/lib/perl5/Dancer2/Core/App.pm l. 1310
[myapp:2511] core @2016-08-11 14:48:05> Entering hook core.app.before_request in (eval 303) l. 1
[myapp:2511] core @2016-08-11 14:48:05> Entering hook core.app.after_request in (eval 303) l. 1
[myapp:2511] core @2016-08-11 14:48:08> looking for get /ldapnagios in ../local/lib/perl5/Dancer2/Core/App.pm l. 1310
[myapp:2511] core @2016-08-11 14:48:08> Entering hook core.app.before_request in (eval 303) l. 1
[myapp:2511] core @2016-08-11 14:48:08> Entering hook core.app.after_request in (eval 303) l. 1
[myapp:2511] core @2016-08-11 14:51:11> looking for get /ldapnagios in ../local/lib/perl5/Dancer2/Core/App.pm l. 1310
[myapp:2511] core @2016-08-11 14:51:11> Entering hook core.app.before_request in (eval 303) l. 1
[myapp:2511] core @2016-08-11 14:51:11> Entering hook core.app.after_request in (eval 303) l. 1
[myapp:2511] core @2016-08-11 14:51:14> looking for get /ldapnagios in ../local/lib/perl5/Dancer2/Core/App.pm l. 1310
[myapp:2511] core @2016-08-11 14:51:14> Entering hook core.app.before_request in (eval 303) l. 1
[myapp:2511] core @2016-08-11 14:51:14> Entering hook core.app.after_request in (eval 303) l. 1
[myapp:2511] core @2016-08-11 14:51:15> looking for get /ldapnagios in ../local/lib/perl5/Dancer2/Core/App.pm l. 1310
[myapp:2511] core @2016-08-11 14:51:15> Entering hook core.app.before_request in (eval 303) l. 1
[myapp:2511] core @2016-08-11 14:51:15> Entering hook core.app.after_request in (eval 303) l. 1
[myapp:2511] core @2016-08-11 14:51:16> looking for get /ldapnagios in ../local/lib/perl5/Dancer2/Core/App.pm l. 1310
[myapp:2511] core @2016-08-11 14:51:16> Entering hook core.app.before_request in (eval 303) l. 1
[myapp:2511] core @2016-08-11 14:51:16> Entering hook core.app.after_request in (eval 303) l. 1
[myapp:2511] core @2016-08-11 14:51:18> looking for get /ldapnagios in ../local/lib/perl5/Dancer2/Core/App.pm l. 1310
[myapp:2511] core @2016-08-11 14:51:18> Entering hook core.app.before_request in (eval 303) l. 1
[myapp:2511] core @2016-08-11 14:51:18> Entering hook core.app.after_request in (eval 303) l. 1
[myapp:2511] core @2016-08-11 14:51:21> looking for get /ldapnagios in ../local/lib/perl5/Dancer2/Core/App.pm l. 1310
[myapp:2511] core @2016-08-11 14:51:21> Entering hook core.app.before_request in (eval 303) l. 1
[myapp:2511] core @2016-08-11 14:51:21> Entering hook core.app.after_request in (eval 303) l. 1
[myapp:2511] core @2016-08-11 14:51:30> looking for get /add_contact in ../local/lib/perl5/Dancer2/Core/App.pm l. 1310
[myapp:2511] core @2016-08-11 14:51:30> Entering hook core.app.before_request in (eval 303) l. 1
[myapp:2511] core @2016-08-11 14:51:30> Entering hook core.app.after_request in (eval 303) l. 1
[myapp:2511] core @2016-08-11 14:52:32> looking for get /add_contact in ../local/lib/perl5/Dancer2/Core/App.pm l. 1310
[myapp:2511] core @2016-08-11 14:52:32> Entering hook core.app.before_request in (eval 303) l. 1
[myapp:2511] core @2016-08-11 14:52:33> Entering hook core.app.after_request in (eval 303) l. 1
[myapp:2511] core @2016-08-11 14:54:00> looking for get /add_contact in ../local/lib/perl5/Dancer2/Core/App.pm l. 1310
[myapp:2511] core @2016-08-11 14:54:00> Entering hook core.app.before_request in (eval 303) l. 1
[myapp:2511] core @2016-08-11 14:54:01> Entering hook core.app.after_request in (eval 303) l. 1
[myapp:2511] core @2016-08-11 14:57:55> looking for get /ldapnagios in ../local/lib/perl5/Dancer2/Core/App.pm l. 1310
[myapp:2511] core @2016-08-11 14:57:55> Entering hook core.app.before_request in (eval 303) l. 1
[myapp:2511] core @2016-08-11 14:57:55> Entering hook core.app.after_request in (eval 303) l. 1
[myapp:2511] core @2016-08-11 14:57:57> looking for get /ldapnagios in ../local/lib/perl5/Dancer2/Core/App.pm l. 1310
[myapp:2511] core @2016-08-11 14:57:57> Entering hook core.app.before_request in (eval 303) l. 1
[myapp:2511] core @2016-08-11 14:57:57> Entering hook core.app.after_request in (eval 303) l. 1
[myapp:2511] core @2016-08-11 14:58:00> looking for get /ldapnagios in ../local/lib/perl5/Dancer2/Core/App.pm l. 1310
[myapp:2511] core @2016-08-11 14:58:00> Entering hook core.app.before_request in (eval 303) l. 1
[myapp:2511] core @2016-08-11 14:58:00> Entering hook core.app.after_request in (eval 303) l. 1
[myapp:2511] core @2016-08-11 14:58:05> looking for get /add_contact in ../local/lib/perl5/Dancer2/Core/App.pm l. 1310
[myapp:2511] core @2016-08-11 14:58:05> Entering hook core.app.before_request in (eval 303) l. 1
[myapp:2511] core @2016-08-11 14:58:06> Entering hook core.app.after_request in (eval 303) l. 1
[myapp:2511] core @2016-08-11 16:34:34> looking for get /ldapnagios in ../local/lib/perl5/Dancer2/Core/App.pm l. 1310
[myapp:2511] core @2016-08-11 16:34:34> Entering hook core.app.before_request in (eval 303) l. 1
[myapp:2511] core @2016-08-11 16:34:34> Entering hook core.app.after_request in (eval 303) l. 1
[myapp:2511] core @2016-08-11 16:34:36> looking for get /ldapnagios in ../local/lib/perl5/Dancer2/Core/App.pm l. 1310
[myapp:2511] core @2016-08-11 16:34:36> Entering hook core.app.before_request in (eval 303) l. 1
[myapp:2511] core @2016-08-11 16:34:36> Entering hook core.app.after_request in (eval 303) l. 1
[myapp:2511] core @2016-08-11 16:34:37> looking for get /ldapnagios in ../local/lib/perl5/Dancer2/Core/App.pm l. 1310
[myapp:2511] core @2016-08-11 16:34:37> Entering hook core.app.before_request in (eval 303) l. 1
[myapp:2511] core @2016-08-11 16:34:37> Entering hook core.app.after_request in (eval 303) l. 1
[myapp:2511] core @2016-08-11 16:34:42> looking for get /ldapnagios in ../local/lib/perl5/Dancer2/Core/App.pm l. 1310
[myapp:2511] core @2016-08-11 16:34:42> Entering hook core.app.before_request in (eval 303) l. 1
[myapp:2511] core @2016-08-11 16:34:42> Entering hook core.app.after_request in (eval 303) l. 1
[myapp:2511] core @2016-08-11 16:34:44> looking for get /add_contact in ../local/lib/perl5/Dancer2/Core/App.pm l. 1310
[myapp:2511] core @2016-08-11 16:34:44> Entering hook core.app.before_request in (eval 303) l. 1
[myapp:2511] core @2016-08-11 16:34:45> Entering hook core.app.after_request in (eval 303) l. 1
[myapp:1473] core @2016-08-12 11:11:00> looking for get /show_form in ../local/lib/perl5/Dancer2/Core/App.pm l. 1310
[myapp:1473] core @2016-08-12 11:11:00> Entering hook core.error.init in (eval 303) l. 1
[myapp:1473] core @2016-08-12 11:11:00> Entering hook core.error.before in (eval 303) l. 1
[myapp:1473] core @2016-08-12 11:11:00> Entering hook core.error.after in (eval 303) l. 1
[myapp:1473] core @2016-08-12 11:11:20> looking for get /show_form in ../local/lib/perl5/Dancer2/Core/App.pm l. 1310
[myapp:1473] core @2016-08-12 11:11:20> Entering hook core.error.init in (eval 303) l. 1
[myapp:1473] core @2016-08-12 11:11:20> Entering hook core.error.before in (eval 303) l. 1
[myapp:1473] core @2016-08-12 11:11:20> Entering hook core.error.after in (eval 303) l. 1
[myapp:1520] core @2016-08-12 11:11:26> looking for get /show_form in ../local/lib/perl5/Dancer2/Core/App.pm l. 1310
[myapp:1520] core @2016-08-12 11:11:26> Entering hook core.error.init in (eval 303) l. 1
[myapp:1520] core @2016-08-12 11:11:26> Entering hook core.error.before in (eval 303) l. 1
[myapp:1520] core @2016-08-12 11:11:26> Entering hook core.error.after in (eval 303) l. 1
[myapp:1520] core @2016-08-12 11:11:29> looking for get /show_form in ../local/lib/perl5/Dancer2/Core/App.pm l. 1310
[myapp:1520] core @2016-08-12 11:11:29> Entering hook core.error.init in (eval 303) l. 1
[myapp:1520] core @2016-08-12 11:11:29> Entering hook core.error.before in (eval 303) l. 1
[myapp:1520] core @2016-08-12 11:11:29> Entering hook core.error.after in (eval 303) l. 1
[myapp:1520] core @2016-08-12 11:11:57> looking for get /show_form in ../local/lib/perl5/Dancer2/Core/App.pm l. 1310
[myapp:1520] core @2016-08-12 11:11:57> Entering hook core.error.init in (eval 303) l. 1
[myapp:1520] core @2016-08-12 11:11:57> Entering hook core.error.before in (eval 303) l. 1
[myapp:1520] core @2016-08-12 11:11:57> Entering hook core.error.after in (eval 303) l. 1
[myapp:1547] core @2016-08-12 11:12:03> looking for get /show_form in ../local/lib/perl5/Dancer2/Core/App.pm l. 1310
[myapp:1547] core @2016-08-12 11:12:03> Entering hook core.app.before_request in (eval 303) l. 1
[myapp:1547] error @2016-08-12 11:12:03> Route exception: Failed to render template: file error - delete_user.tt: not found at ../local/lib/perl5/Dancer2/Core/Role/Template.pm line 132. in ../local/lib/perl5/Dancer2/Core/App.pm l. 1388
[myapp:1547] core @2016-08-12 11:12:03> Entering hook core.app.route_exception in (eval 303) l. 1
[myapp:1547] core @2016-08-12 11:12:03> Entering hook core.error.init in (eval 303) l. 1
[myapp:1547] core @2016-08-12 11:12:03> Entering hook core.error.before in (eval 303) l. 1
[myapp:1547] core @2016-08-12 11:12:03> Entering hook core.error.after in (eval 303) l. 1
[myapp:1574] core @2016-08-12 11:12:44> looking for get /show_form in ../local/lib/perl5/Dancer2/Core/App.pm l. 1310
[myapp:1574] core @2016-08-12 11:12:44> Entering hook core.app.before_request in (eval 303) l. 1
[myapp:1574] core @2016-08-12 11:12:44> Entering hook core.app.after_request in (eval 303) l. 1
[myapp:1574] core @2016-08-12 11:13:38> looking for get /show_form in ../local/lib/perl5/Dancer2/Core/App.pm l. 1310
[myapp:1574] core @2016-08-12 11:13:38> Entering hook core.app.before_request in (eval 303) l. 1
[myapp:1574] core @2016-08-12 11:13:38> Entering hook core.app.after_request in (eval 303) l. 1
[myapp:1574] core @2016-08-12 11:13:58> looking for get /show_form in ../local/lib/perl5/Dancer2/Core/App.pm l. 1310
[myapp:1574] core @2016-08-12 11:13:58> Entering hook core.app.before_request in (eval 303) l. 1
[myapp:1574] core @2016-08-12 11:13:58> Entering hook core.app.after_request in (eval 303) l. 1
[myapp:1574] core @2016-08-12 11:16:37> looking for get /show_form in ../local/lib/perl5/Dancer2/Core/App.pm l. 1310
[myapp:1574] core @2016-08-12 11:16:37> Entering hook core.app.before_request in (eval 303) l. 1
[myapp:1574] core @2016-08-12 11:16:37> Entering hook core.app.after_request in (eval 303) l. 1
[myapp:1574] core @2016-08-12 11:16:58> looking for get /show_form in ../local/lib/perl5/Dancer2/Core/App.pm l. 1310
[myapp:1574] core @2016-08-12 11:16:58> Entering hook core.app.before_request in (eval 303) l. 1
[myapp:1574] core @2016-08-12 11:16:58> Entering hook core.app.after_request in (eval 303) l. 1
[myapp:1574] core @2016-08-12 11:19:18> looking for get /show_form in ../local/lib/perl5/Dancer2/Core/App.pm l. 1310
[myapp:1574] core @2016-08-12 11:19:18> Entering hook core.app.before_request in (eval 303) l. 1
[myapp:1574] core @2016-08-12 11:19:18> Entering hook core.app.after_request in (eval 303) l. 1
[myapp:1574] core @2016-08-12 11:22:02> looking for get /show_form in ../local/lib/perl5/Dancer2/Core/App.pm l. 1310
[myapp:1574] core @2016-08-12 11:22:02> Entering hook core.app.before_request in (eval 303) l. 1
[myapp:1574] core @2016-08-12 11:22:02> Entering hook core.app.after_request in (eval 303) l. 1
[myapp:1574] core @2016-08-12 11:22:35> looking for get /show_form in ../local/lib/perl5/Dancer2/Core/App.pm l. 1310
[myapp:1574] core @2016-08-12 11:22:35> Entering hook core.app.before_request in (eval 303) l. 1
[myapp:1574] core @2016-08-12 11:22:35> Entering hook core.app.after_request in (eval 303) l. 1
[myapp:1574] core @2016-08-12 11:24:27> looking for get /show_form in ../local/lib/perl5/Dancer2/Core/App.pm l. 1310
[myapp:1574] core @2016-08-12 11:24:27> Entering hook core.app.before_request in (eval 303) l. 1
[myapp:1574] core @2016-08-12 11:24:27> Entering hook core.app.after_request in (eval 303) l. 1
[myapp:1574] core @2016-08-12 11:24:28> looking for get /show_form in ../local/lib/perl5/Dancer2/Core/App.pm l. 1310
[myapp:1574] core @2016-08-12 11:24:28> Entering hook core.app.before_request in (eval 303) l. 1
[myapp:1574] core @2016-08-12 11:24:28> Entering hook core.app.after_request in (eval 303) l. 1
[myapp:1574] core @2016-08-12 12:53:05> looking for get /show_form in ../local/lib/perl5/Dancer2/Core/App.pm l. 1310
[myapp:1574] core @2016-08-12 12:53:05> Entering hook core.app.before_request in (eval 303) l. 1
[myapp:1574] core @2016-08-12 12:53:05> Entering hook core.app.after_request in (eval 303) l. 1
[myapp:1574] core @2016-08-12 12:54:37> looking for get /show_form in ../local/lib/perl5/Dancer2/Core/App.pm l. 1310
[myapp:1574] core @2016-08-12 12:54:37> Entering hook core.app.before_request in (eval 303) l. 1
[myapp:1574] core @2016-08-12 12:54:37> Entering hook core.app.after_request in (eval 303) l. 1
[myapp:1574] core @2016-08-12 12:56:59> looking for get /show_form in ../local/lib/perl5/Dancer2/Core/App.pm l. 1310
[myapp:1574] core @2016-08-12 12:56:59> Entering hook core.app.before_request in (eval 303) l. 1
[myapp:1574] core @2016-08-12 12:56:59> Entering hook core.app.after_request in (eval 303) l. 1
[myapp:1574] core @2016-08-12 12:57:34> looking for get /show_form in ../local/lib/perl5/Dancer2/Core/App.pm l. 1310
[myapp:1574] core @2016-08-12 12:57:34> Entering hook core.app.before_request in (eval 303) l. 1
[myapp:1574] core @2016-08-12 12:57:34> Entering hook core.app.after_request in (eval 303) l. 1
[myapp:1574] core @2016-08-12 12:58:46> looking for get /show_form in ../local/lib/perl5/Dancer2/Core/App.pm l. 1310
[myapp:1574] core @2016-08-12 12:58:46> Entering hook core.app.before_request in (eval 303) l. 1
[myapp:1574] core @2016-08-12 12:58:46> Entering hook core.app.after_request in (eval 303) l. 1
[myapp:1574] core @2016-08-12 13:00:04> looking for get /show_form in ../local/lib/perl5/Dancer2/Core/App.pm l. 1310
[myapp:1574] core @2016-08-12 13:00:04> Entering hook core.app.before_request in (eval 303) l. 1
[myapp:1574] core @2016-08-12 13:00:04> Entering hook core.app.after_request in (eval 303) l. 1
[myapp:1574] core @2016-08-12 13:01:45> looking for get /show_form in ../local/lib/perl5/Dancer2/Core/App.pm l. 1310
[myapp:1574] core @2016-08-12 13:01:45> Entering hook core.app.before_request in (eval 303) l. 1
[myapp:1574] core @2016-08-12 13:01:45> Entering hook core.app.after_request in (eval 303) l. 1
[myapp:1574] core @2016-08-12 13:02:31> looking for get /show_form in ../local/lib/perl5/Dancer2/Core/App.pm l. 1310
[myapp:1574] core @2016-08-12 13:02:31> Entering hook core.app.before_request in (eval 303) l. 1
[myapp:1574] core @2016-08-12 13:02:31> Entering hook core.app.after_request in (eval 303) l. 1
[myapp:1574] core @2016-08-12 13:03:06> looking for get /show_form in ../local/lib/perl5/Dancer2/Core/App.pm l. 1310
[myapp:1574] core @2016-08-12 13:03:06> Entering hook core.app.before_request in (eval 303) l. 1
[myapp:1574] core @2016-08-12 13:03:06> Entering hook core.app.after_request in (eval 303) l. 1
[myapp:1574] core @2016-08-12 13:03:20> looking for get /show_form in ../local/lib/perl5/Dancer2/Core/App.pm l. 1310
[myapp:1574] core @2016-08-12 13:03:20> Entering hook core.app.before_request in (eval 303) l. 1
[myapp:1574] core @2016-08-12 13:03:20> Entering hook core.app.after_request in (eval 303) l. 1
[myapp:1574] core @2016-08-12 13:03:53> looking for get /show_form in ../local/lib/perl5/Dancer2/Core/App.pm l. 1310
[myapp:1574] core @2016-08-12 13:03:53> Entering hook core.app.before_request in (eval 303) l. 1
[myapp:1574] core @2016-08-12 13:03:53> Entering hook core.app.after_request in (eval 303) l. 1
[myapp:1574] core @2016-08-12 13:07:55> looking for get /show_form in ../local/lib/perl5/Dancer2/Core/App.pm l. 1310
[myapp:1574] core @2016-08-12 13:07:55> Entering hook core.app.before_request in (eval 303) l. 1
[myapp:1574] core @2016-08-12 13:07:55> Entering hook core.app.after_request in (eval 303) l. 1
[myapp:1574] core @2016-08-12 13:09:07> looking for get /show_form in ../local/lib/perl5/Dancer2/Core/App.pm l. 1310
[myapp:1574] core @2016-08-12 13:09:07> Entering hook core.app.before_request in (eval 303) l. 1
[myapp:1574] core @2016-08-12 13:09:07> Entering hook core.app.after_request in (eval 303) l. 1
[myapp:1574] core @2016-08-12 13:12:00> looking for get /show_form in ../local/lib/perl5/Dancer2/Core/App.pm l. 1310
[myapp:1574] core @2016-08-12 13:12:00> Entering hook core.app.before_request in (eval 303) l. 1
[myapp:1574] core @2016-08-12 13:12:00> Entering hook core.app.after_request in (eval 303) l. 1
[myapp:1574] core @2016-08-12 13:12:55> looking for get /show_form in ../local/lib/perl5/Dancer2/Core/App.pm l. 1310
[myapp:1574] core @2016-08-12 13:12:55> Entering hook core.app.before_request in (eval 303) l. 1
[myapp:1574] core @2016-08-12 13:12:55> Entering hook core.app.after_request in (eval 303) l. 1
[myapp:1574] core @2016-08-12 13:13:31> looking for get /show_form in ../local/lib/perl5/Dancer2/Core/App.pm l. 1310
[myapp:1574] core @2016-08-12 13:13:31> Entering hook core.app.before_request in (eval 303) l. 1
[myapp:1574] core @2016-08-12 13:13:31> Entering hook core.app.after_request in (eval 303) l. 1
[myapp:1574] core @2016-08-12 13:14:25> looking for get /show_form in ../local/lib/perl5/Dancer2/Core/App.pm l. 1310
[myapp:1574] core @2016-08-12 13:14:25> Entering hook core.app.before_request in (eval 303) l. 1
[myapp:1574] core @2016-08-12 13:14:25> Entering hook core.app.after_request in (eval 303) l. 1
[myapp:1574] core @2016-08-12 13:14:39> looking for get /show_form in ../local/lib/perl5/Dancer2/Core/App.pm l. 1310
[myapp:1574] core @2016-08-12 13:14:39> Entering hook core.app.before_request in (eval 303) l. 1
[myapp:1574] core @2016-08-12 13:14:39> Entering hook core.app.after_request in (eval 303) l. 1
[myapp:1574] core @2016-08-12 13:14:52> looking for get /show_form in ../local/lib/perl5/Dancer2/Core/App.pm l. 1310
[myapp:1574] core @2016-08-12 13:14:52> Entering hook core.app.before_request in (eval 303) l. 1
[myapp:1574] core @2016-08-12 13:14:52> Entering hook core.app.after_request in (eval 303) l. 1
[myapp:1574] core @2016-08-12 13:15:23> looking for get /show_form in ../local/lib/perl5/Dancer2/Core/App.pm l. 1310
[myapp:1574] core @2016-08-12 13:15:23> Entering hook core.app.before_request in (eval 303) l. 1
[myapp:1574] core @2016-08-12 13:15:23> Entering hook core.app.after_request in (eval 303) l. 1
[myapp:1574] core @2016-08-12 13:16:45> looking for get /show_form in ../local/lib/perl5/Dancer2/Core/App.pm l. 1310
[myapp:1574] core @2016-08-12 13:16:45> Entering hook core.app.before_request in (eval 303) l. 1
[myapp:1574] core @2016-08-12 13:16:45> Entering hook core.app.after_request in (eval 303) l. 1
[myapp:1574] core @2016-08-12 13:17:28> looking for get /show_form in ../local/lib/perl5/Dancer2/Core/App.pm l. 1310
[myapp:1574] core @2016-08-12 13:17:28> Entering hook core.app.before_request in (eval 303) l. 1
[myapp:1574] core @2016-08-12 13:17:28> Entering hook core.app.after_request in (eval 303) l. 1
[myapp:1574] core @2016-08-12 13:19:30> looking for get /show_form in ../local/lib/perl5/Dancer2/Core/App.pm l. 1310
[myapp:1574] core @2016-08-12 13:19:30> Entering hook core.app.before_request in (eval 303) l. 1
[myapp:1574] core @2016-08-12 13:19:30> Entering hook core.app.after_request in (eval 303) l. 1
[myapp:1574] core @2016-08-12 13:20:48> looking for get /show_form in ../local/lib/perl5/Dancer2/Core/App.pm l. 1310
[myapp:1574] core @2016-08-12 13:20:48> Entering hook core.app.before_request in (eval 303) l. 1
[myapp:1574] core @2016-08-12 13:20:48> Entering hook core.app.after_request in (eval 303) l. 1
[myapp:1574] core @2016-08-12 13:21:12> looking for get /show_form in ../local/lib/perl5/Dancer2/Core/App.pm l. 1310
[myapp:1574] core @2016-08-12 13:21:12> Entering hook core.app.before_request in (eval 303) l. 1
[myapp:1574] core @2016-08-12 13:21:12> Entering hook core.app.after_request in (eval 303) l. 1
[myapp:1574] core @2016-08-12 13:21:36> looking for get /show_form in ../local/lib/perl5/Dancer2/Core/App.pm l. 1310
[myapp:1574] core @2016-08-12 13:21:36> Entering hook core.app.before_request in (eval 303) l. 1
[myapp:1574] core @2016-08-12 13:21:36> Entering hook core.app.after_request in (eval 303) l. 1
[myapp:1574] core @2016-08-12 13:21:58> looking for get /show_form in ../local/lib/perl5/Dancer2/Core/App.pm l. 1310
[myapp:1574] core @2016-08-12 13:21:58> Entering hook core.app.before_request in (eval 303) l. 1
[myapp:1574] core @2016-08-12 13:21:58> Entering hook core.app.after_request in (eval 303) l. 1
[myapp:1574] core @2016-08-12 13:22:22> looking for get /show_form in ../local/lib/perl5/Dancer2/Core/App.pm l. 1310
[myapp:1574] core @2016-08-12 13:22:22> Entering hook core.app.before_request in (eval 303) l. 1
[myapp:1574] core @2016-08-12 13:22:22> Entering hook core.app.after_request in (eval 303) l. 1
[myapp:1574] core @2016-08-12 13:23:04> looking for get /show_form in ../local/lib/perl5/Dancer2/Core/App.pm l. 1310
[myapp:1574] core @2016-08-12 13:23:04> Entering hook core.app.before_request in (eval 303) l. 1
[myapp:1574] core @2016-08-12 13:23:04> Entering hook core.app.after_request in (eval 303) l. 1
[myapp:1574] core @2016-08-12 13:23:35> looking for get /show_form in ../local/lib/perl5/Dancer2/Core/App.pm l. 1310
[myapp:1574] core @2016-08-12 13:23:35> Entering hook core.app.before_request in (eval 303) l. 1
[myapp:1574] core @2016-08-12 13:23:35> Entering hook core.app.after_request in (eval 303) l. 1
[myapp:1574] core @2016-08-12 13:23:53> looking for get /show_form in ../local/lib/perl5/Dancer2/Core/App.pm l. 1310
[myapp:1574] core @2016-08-12 13:23:53> Entering hook core.app.before_request in (eval 303) l. 1
[myapp:1574] core @2016-08-12 13:23:53> Entering hook core.app.after_request in (eval 303) l. 1
[myapp:1574] core @2016-08-12 13:24:53> looking for get /show_form in ../local/lib/perl5/Dancer2/Core/App.pm l. 1310
[myapp:1574] core @2016-08-12 13:24:53> Entering hook core.app.before_request in (eval 303) l. 1
[myapp:1574] core @2016-08-12 13:24:53> Entering hook core.app.after_request in (eval 303) l. 1
[myapp:1574] core @2016-08-12 13:25:15> looking for get /ldapnagios in ../local/lib/perl5/Dancer2/Core/App.pm l. 1310
[myapp:1574] core @2016-08-12 13:25:15> Entering hook core.app.before_request in (eval 303) l. 1
[myapp:1574] core @2016-08-12 13:25:15> Entering hook core.app.after_request in (eval 303) l. 1
[myapp:1574] core @2016-08-12 13:25:19> looking for get /ldapnagios in ../local/lib/perl5/Dancer2/Core/App.pm l. 1310
[myapp:1574] core @2016-08-12 13:25:19> Entering hook core.app.before_request in (eval 303) l. 1
[myapp:1574] core @2016-08-12 13:25:19> Entering hook core.app.after_request in (eval 303) l. 1
[myapp:1574] core @2016-08-12 13:30:03> looking for get /ldapnagios in ../local/lib/perl5/Dancer2/Core/App.pm l. 1310
[myapp:1574] core @2016-08-12 13:30:03> Entering hook core.app.before_request in (eval 303) l. 1
[myapp:1574] core @2016-08-12 13:30:03> Entering hook core.app.after_request in (eval 303) l. 1
[myapp:1574] core @2016-08-12 13:35:10> looking for get /show_form in ../local/lib/perl5/Dancer2/Core/App.pm l. 1310
[myapp:1574] core @2016-08-12 13:35:10> Entering hook core.app.before_request in (eval 303) l. 1
[myapp:1574] core @2016-08-12 13:35:10> Entering hook core.app.after_request in (eval 303) l. 1
[myapp:2145] core @2016-08-12 13:40:24> looking for get /show_form in ../local/lib/perl5/Dancer2/Core/App.pm l. 1310
[myapp:2145] core @2016-08-12 13:40:24> Entering hook core.app.before_request in (eval 303) l. 1
[myapp:2145] core @2016-08-12 13:40:24> Entering hook core.app.after_request in (eval 303) l. 1
[myapp:2145] core @2016-08-12 13:41:58> looking for get /show_form in ../local/lib/perl5/Dancer2/Core/App.pm l. 1310
[myapp:2145] core @2016-08-12 13:41:58> Entering hook core.app.before_request in (eval 303) l. 1
[myapp:2145] core @2016-08-12 13:41:58> Entering hook core.app.after_request in (eval 303) l. 1
[myapp:2511] core @2016-08-12 15:45:07> looking for get / in ../local/lib/perl5/Dancer2/Core/App.pm l. 1310
[myapp:2511] core @2016-08-12 15:45:07> Entering hook core.app.before_request in (eval 303) l. 1
[myapp:2511] core @2016-08-12 15:45:07> Entering hook core.app.after_request in (eval 303) l. 1
[myapp:2511] core @2016-08-12 15:45:09> looking for get /ldapnagios in ../local/lib/perl5/Dancer2/Core/App.pm l. 1310
[myapp:2511] core @2016-08-12 15:45:09> Entering hook core.app.before_request in (eval 303) l. 1
[myapp:2511] core @2016-08-12 15:45:09> Entering hook core.app.after_request in (eval 303) l. 1
[myapp:2511] core @2016-08-12 15:45:12> looking for get /ldapnagios in ../local/lib/perl5/Dancer2/Core/App.pm l. 1310
[myapp:2511] core @2016-08-12 15:45:12> Entering hook core.app.before_request in (eval 303) l. 1
[myapp:2511] core @2016-08-12 15:45:12> Entering hook core.app.after_request in (eval 303) l. 1
[myapp:2511] core @2016-08-12 15:45:14> looking for get /add_contact in ../local/lib/perl5/Dancer2/Core/App.pm l. 1310
[myapp:2511] core @2016-08-12 15:45:14> Entering hook core.app.before_request in (eval 303) l. 1
[myapp:2511] core @2016-08-12 15:45:14> Entering hook core.app.after_request in (eval 303) l. 1
